<?xml version="1.0" encoding="UTF-8"?>
<testng-results skipped="0" failed="0" ignored="0" total="1" passed="1">
  <reporter-output>
  </reporter-output>
  <suite name="RC Suite" duration-ms="105330" started-at="2017-12-04T09:18:14Z" finished-at="2017-12-04T09:19:59Z">
    <groups>
    </groups>
    <test name="RC_Sanity_Testing" duration-ms="105330" started-at="2017-12-04T09:18:14Z" finished-at="2017-12-04T09:19:59Z">
      <class name="MFM_Lite.MFM_Lite.MFM_Lite">
        <test-method status="PASS" signature="getDDBData()[pri:0, instance:MFM_Lite.MFM_Lite.MFM_Lite@4bec1f0c]" name="getDDBData" is-config="true" duration-ms="109" started-at="2017-12-04T04:18:14Z" finished-at="2017-12-04T04:18:14Z">
          <reporter-output>
          </reporter-output>
        </test-method> <!-- getDDBData -->
        <test-method status="PASS" signature="chkGoSmart_Pin(java.lang.String, java.lang.String)[pri:0, instance:MFM_Lite.MFM_Lite.MFM_Lite@4bec1f0c]" name="chkGoSmart_Pin" duration-ms="104939" started-at="2017-12-04T04:18:14Z" finished-at="2017-12-04T04:19:59Z">
          <params>
            <param index="0">
              <value>
                <![CDATA[chrome]]>
              </value>
            </param>
            <param index="1">
              <value>
                <![CDATA[https://sitgwalmart.myfamilymobile.com]]>
              </value>
            </param>
          </params>
          <reporter-output>
          </reporter-output>
        </test-method> <!-- chkGoSmart_Pin -->
        <test-method status="PASS" signature="publishReport()[pri:0, instance:MFM_Lite.MFM_Lite.MFM_Lite@4bec1f0c]" name="publishReport" is-config="true" duration-ms="264" started-at="2017-12-04T04:19:59Z" finished-at="2017-12-04T04:19:59Z">
          <reporter-output>
          </reporter-output>
        </test-method> <!-- publishReport -->
      </class> <!-- MFM_Lite.MFM_Lite.MFM_Lite -->
    </test> <!-- RC_Sanity_Testing -->
  </suite> <!-- RC Suite -->
</testng-results>
